0 info it worked if it ends with ok
1 verbose cli [ 'C:\\Program Files (x86)\\nodejs\\node.exe',
1 verbose cli   'C:\\Users\\Marcelo\\AppData\\Roaming\\npm\\node_modules\\npm\\bin\\npm-cli.js',
1 verbose cli   'start' ]
2 info using npm@3.7.2
3 info using node@v5.6.0
4 verbose run-script [ 'prestart', 'start', 'poststart' ]
5 info lifecycle Loc8r@0.0.1~prestart: Loc8r@0.0.1
6 silly lifecycle Loc8r@0.0.1~prestart: no script for prestart, continuing
7 info lifecycle Loc8r@0.0.1~start: Loc8r@0.0.1
8 verbose lifecycle Loc8r@0.0.1~start: unsafe-perm in lifecycle true
9 verbose lifecycle Loc8r@0.0.1~start: PATH: C:\Users\Marcelo\AppData\Roaming\npm\node_modules\npm\bin\node-gyp-bin;D:\proyects\getting-mean2\node_modules\.bin;C:\Program Files (x86)\nodejs;C:\Windows\system32\WindowsPowerShell\v1.0\;C:\Windows\system32;C:\Windows;C:\Windows\System32\Wbem;C:\Windows\System32\WindowsPowerShell\v1.0\;C:\Program Files (x86)\ATI Technologies\ATI.ACE\Core-Static;C:\xampp\php;C:\ProgramData\ComposerSetup\bin;C:\Heroku\bin;C:\Program Files (x86)\git\cmd;C:\Heroku\ruby-2.1.7\bin;C:\Program Files (x86)\nodejs\;C:\Users\Marcelo\AppData\Roaming\npm
10 verbose lifecycle Loc8r@0.0.1~start: CWD: D:\proyects\getting-mean2
11 silly lifecycle Loc8r@0.0.1~start: Args: [ '/d /s /c', 'node ./bin/www' ]
12 silly lifecycle Loc8r@0.0.1~start: Returned: code: 1  signal: null
13 info lifecycle Loc8r@0.0.1~start: Failed to exec start script
14 verbose stack Error: Loc8r@0.0.1 start: `node ./bin/www`
14 verbose stack Exit status 1
14 verbose stack     at EventEmitter.<anonymous> (C:\Users\Marcelo\AppData\Roaming\npm\node_modules\npm\lib\utils\lifecycle.js:239:16)
14 verbose stack     at emitTwo (events.js:100:13)
14 verbose stack     at EventEmitter.emit (events.js:185:7)
14 verbose stack     at ChildProcess.<anonymous> (C:\Users\Marcelo\AppData\Roaming\npm\node_modules\npm\lib\utils\spawn.js:24:14)
14 verbose stack     at emitTwo (events.js:100:13)
14 verbose stack     at ChildProcess.emit (events.js:185:7)
14 verbose stack     at maybeClose (internal/child_process.js:827:16)
14 verbose stack     at Process.ChildProcess._handle.onexit (internal/child_process.js:211:5)
15 verbose pkgid Loc8r@0.0.1
16 verbose cwd D:\proyects\getting-mean2
17 error Windows_NT 6.1.7601
18 error argv "C:\\Program Files (x86)\\nodejs\\node.exe" "C:\\Users\\Marcelo\\AppData\\Roaming\\npm\\node_modules\\npm\\bin\\npm-cli.js" "start"
19 error node v5.6.0
20 error npm  v3.7.2
21 error code ELIFECYCLE
22 error Loc8r@0.0.1 start: `node ./bin/www`
22 error Exit status 1
23 error Failed at the Loc8r@0.0.1 start script 'node ./bin/www'.
23 error Make sure you have the latest version of node.js and npm installed.
23 error If you do, this is most likely a problem with the Loc8r package,
23 error not with npm itself.
23 error Tell the author that this fails on your system:
23 error     node ./bin/www
23 error You can get information on how to open an issue for this project with:
23 error     npm bugs Loc8r
23 error Or if that isn't available, you can get their info via:
23 error     npm owner ls Loc8r
23 error There is likely additional logging output above.
24 verbose exit [ 1, true ]
